[
    [0]  "s[up]ercalifragi[lis]ticexpialidocious",
    [1]  "s[u][p]ercalifragi[lis]ticexpialidocious",
    [2]  "s[up]erca[l]ifragil[is]ticexpialidocious",
    [3]  "s[up]ercalifragi[l][is]ticexpialidocious",
    [4]  "s[up]erca[li]fragili[s]ticexpialidocious",
    [5]  "s[up]erca[li]fragilisticexpialidociou[s]",
    [6]  "s[up]ercalifragi[li][s]ticexpialidocious",
    [7]  "s[up]ercalifragi[li]sticexpialidociou[s]",
    [8]  "s[up]ercalifragilisticexpia[li]dociou[s]",
    [9]  "s[u][p]erca[l]ifragil[is]ticexpialidocious",
    [10] "s[u][p]ercalifragi[l][is]ticexpialidocious",
    [11] "s[u][p]erca[li]fragili[s]ticexpialidocious",
    [12] "s[u][p]erca[li]fragilisticexpialidociou[s]",
    [13] "s[u][p]ercalifragi[li][s]ticexpialidocious",
    [14] "s[u][p]ercalifragi[li]sticexpialidociou[s]",
    [15] "s[u][p]ercalifragilisticexpia[li]dociou[s]",
    [16] "s[u]percalifragilisticex[p]ia[li]dociou[s]",
    [17] "s[up]erca[l][i]fragili[s]ticexpialidocious",
    [18] "s[up]erca[l][i]fragilisticexpialidociou[s]",
    [19] "s[up]erca[l]ifrag[i]li[s]ticexpialidocious",
    [20] "s[up]erca[l]ifrag[i]listicexpialidociou[s]",
    [21] "s[up]erca[l]ifragil[i][s]ticexpialidocious",
    [22] "s[up]erca[l]ifragil[i]sticexpialidociou[s]",
    [23] "s[up]erca[l]ifragilist[i]cexpialidociou[s]",
    [24] "s[up]erca[l]ifragilisticexp[i]alidociou[s]",
    [25] "s[up]erca[l]ifragilisticexpial[i]dociou[s]",
    [26] "s[up]erca[l]ifragilisticexpialidoc[i]ou[s]",
    [27] "s[up]ercalifragi[l][i][s]ticexpialidocious",
    [28] "s[up]ercalifragi[l][i]sticexpialidociou[s]",
    [29] "s[up]ercalifragi[l]ist[i]cexpialidociou[s]",
    [30] "s[up]ercalifragi[l]isticexp[i]alidociou[s]",
    [31] "s[up]ercalifragi[l]isticexpial[i]dociou[s]",
    [32] "s[up]ercalifragi[l]isticexpialidoc[i]ou[s]",
    [33] "s[up]ercalifragilisticexpia[l][i]dociou[s]",
    [34] "s[up]ercalifragilisticexpia[l]idoc[i]ou[s]",
    [35] "s[u][p]erca[l][i]fragili[s]ticexpialidocious",
    [36] "s[u][p]erca[l][i]fragilisticexpialidociou[s]",
    [37] "s[u][p]erca[l]ifrag[i]li[s]ticexpialidocious",
    [38] "s[u][p]erca[l]ifrag[i]listicexpialidociou[s]",
    [39] "s[u][p]erca[l]ifragil[i][s]ticexpialidocious",
    [40] "s[u][p]erca[l]ifragil[i]sticexpialidociou[s]",
    [41] "s[u][p]erca[l]ifragilist[i]cexpialidociou[s]",
    [42] "s[u][p]erca[l]ifragilisticexp[i]alidociou[s]",
    [43] "s[u][p]erca[l]ifragilisticexpial[i]dociou[s]",
    [44] "s[u][p]erca[l]ifragilisticexpialidoc[i]ou[s]",
    [45] "s[u][p]ercalifragi[l][i][s]ticexpialidocious",
    [46] "s[u][p]ercalifragi[l][i]sticexpialidociou[s]",
    [47] "s[u][p]ercalifragi[l]ist[i]cexpialidociou[s]",
    [48] "s[u][p]ercalifragi[l]isticexp[i]alidociou[s]",
    [49] "s[u][p]ercalifragi[l]isticexpial[i]dociou[s]",
    [50] "s[u][p]ercalifragi[l]isticexpialidoc[i]ou[s]",
    [51] "s[u][p]ercalifragilisticexpia[l][i]dociou[s]",
    [52] "s[u][p]ercalifragilisticexpia[l]idoc[i]ou[s]",
    [53] "s[u]percalifragilisticex[p]ia[l][i]dociou[s]",
    [54] "s[u]percalifragilisticex[p]ia[l]idoc[i]ou[s]"
]
[
    [0]  "s[u]percalifragilisticex[p]ia[l]idoc[i]ou[s]",
    [1]  "s[u]percalifragilisticex[p]ia[li]dociou[s]",
    [2]  "s[up]erca[l]ifrag[i]li[s]ticexpialidocious",
    [3]  "s[up]erca[l]ifrag[i]listicexpialidociou[s]",
    [4]  "s[up]erca[l]ifragil[i]sticexpialidociou[s]",
    [5]  "s[up]erca[l]ifragil[is]ticexpialidocious",
    [6]  "s[up]erca[l]ifragilist[i]cexpialidociou[s]",
    [7]  "s[up]erca[l]ifragilisticexp[i]alidociou[s]",
    [8]  "s[up]erca[l]ifragilisticexpial[i]dociou[s]",
    [9]  "s[up]erca[l]ifragilisticexpialidoc[i]ou[s]",
    [10] "s[up]erca[li]fragili[s]ticexpialidocious",
    [11] "s[up]erca[li]fragilisticexpialidociou[s]",
    [12] "s[up]ercalifragi[l]ist[i]cexpialidociou[s]",
    [13] "s[up]ercalifragi[l]isticexp[i]alidociou[s]",
    [14] "s[up]ercalifragi[l]isticexpial[i]dociou[s]",
    [15] "s[up]ercalifragi[l]isticexpialidoc[i]ou[s]",
    [16] "s[up]ercalifragi[li]sticexpialidociou[s]",
    [17] "s[up]ercalifragi[lis]ticexpialidocious",
    [18] "s[up]ercalifragilisticexpia[l]idoc[i]ou[s]",
    [19] "s[up]ercalifragilisticexpia[li]dociou[s]"
]
