not ok - disabled: not testable
  in block <unit> at arne-sommer.raku line 3

not ok - disabled: not testable
  in block <unit> at athanasius.raku line 3

not ok - disabled: not testable
  in block <unit> at daniel-mita.raku line 3

not ok - disabled: not testable
  in block <unit> at feng-chang.raku line 3

not ok - disabled: not testable
  in block <unit> at jaldhar-h-vyas.raku line 3

not ok - disabled: not testable
  in block <unit> at joelle-maslak.raku line 3

not ok - disabled: not testable
  in block <unit> at kevin-colyer.raku line 3

not ok - disabled: not testable
  in block <unit> at markus-holzer.raku line 6

not ok - disabled: not testable
  in block <unit> at ruben-westerberg.raku line 3

not ok - disabled: not testable
  in block <unit> at simon-proctor.raku line 3

not ok - disabled: not testable
  in block <unit> at stuart-little.raku line 3

not ok - disabled: not testable
  in block <unit> at yet-ebreo.raku line 3

