# Failed test at 0rir.raku line 145
# expected: './sandbox/x:
# y
# 
# ./sandbox/x/y:
# 1
# 2
# 3
# 4
# 5
# 
# ./sandbox/x/y/1:
# 
# ./sandbox/x/y/2:
# 
# ./sandbox/x/y/3:
# 
# ./sandbox/x/y/4:
# 
# ./sandbox/x/y/5:
# '
#      got: 'y
# 
# ./sandbox/x/y:
# 1
# 2
# 3
# 4
# 5
# 
# ./sandbox/x/y/1:
# 
# ./sandbox/x/y/2:
# 
# ./sandbox/x/y/3:
# 
# ./sandbox/x/y/4:
# 
# ./sandbox/x/y/5:
# '
# Failed test at 0rir.raku line 145
# expected: './sandbox/x:
# y
# 
# ./sandbox/x/y:
# c
# 
# ./sandbox/x/y/c:
# d
# 
# ./sandbox/x/y/c/d:
# e
# f
# 
# ./sandbox/x/y/c/d/e:
# 1
# 4
# 
# ./sandbox/x/y/c/d/e/1:
# 
# ./sandbox/x/y/c/d/e/4:
# 
# ./sandbox/x/y/c/d/f:
# 1
# 2
# 
# ./sandbox/x/y/c/d/f/1:
# 
# ./sandbox/x/y/c/d/f/2:
# '
#      got: 'y
# 
# ./sandbox/x/y:
# c
# 
# ./sandbox/x/y/c:
# d
# 
# ./sandbox/x/y/c/d:
# e
# f
# 
# ./sandbox/x/y/c/d/e:
# 1
# 4
# 
# ./sandbox/x/y/c/d/e/1:
# 
# ./sandbox/x/y/c/d/e/4:
# 
# ./sandbox/x/y/c/d/f:
# 1
# 2
# 
# ./sandbox/x/y/c/d/f/1:
# 
# ./sandbox/x/y/c/d/f/2:
# '
# You failed 2 tests of 2
Usage:
  arne-sommer.raku [-d|--dryrun[=Any]] [-v|--verbose[=Any]] [<source>] [<target>]
Usage:
  barroff.raku test -- Rebuild example test case
  barroff.raku <source_dir> <target_dir> -- Call on user provided options
Usage:
  luca-ferrari.raku <src> <dst>
