Use of uninitialized value $str in lc at ./jaldhar-h-vyas.pl line 32.
usage: ./jo-37.pl [-examples] [-tests] [TARGET WORD...]

-examples
    run the examples from the challenge
 
-tests
    run some tests

TARGET
    target string

WORD...
    list of words

Argument "srand" isn't numeric in subtraction (-) at ./peter-meszaros.pl line 59.
Test2::V0 version 1 required--this is only version 0.000155 at /usr/local/lib/perl5/site_perl/5.36.0/Test2/V0.pm line 133.
BEGIN failed--compilation aborted at ./peter-meszaros.pl line 59.
Use of uninitialized value $str in lc at ./sgreen.pl line 23.
Use of uninitialized value $word in scalar chomp at ./ulrich-rieke.pl line 18.
Use of uninitialized value $line in scalar chomp at ./ulrich-rieke.pl line 21.
Use of uninitialized value $line in split at ./ulrich-rieke.pl line 22.
Use of uninitialized value $word in split at ./ulrich-rieke.pl line 24.
Use of uninitialized value $word in split at ./ulrich-rieke.pl line 10.
Usage: ./wlmb.pl S [W1...]
to find the shortest completing word of string S among the words W1, W2...
Use of uninitialized value in numeric le (<=) at ./zapwai.pl line 28.
Use of uninitialized value in numeric le (<=) at ./zapwai.pl line 28.
